\BOOKMARK [0][-]{cover.0}{中文封面}{}% 1
\BOOKMARK [0][-]{abstract.0}{中文摘要}{}% 2
\BOOKMARK [0][-]{englishabstract.0}{英文摘要}{}% 3
\BOOKMARK [0][-]{chapter*.1}{前 言}{}% 4
\BOOKMARK [0][-]{chapter*.2}{目 次}{}% 5
\BOOKMARK [0][-]{chapter*.3}{插图清单}{}% 6
\BOOKMARK [0][-]{chapter*.4}{附表清单}{}% 7
\BOOKMARK [0][-]{chapter.1}{1 绪论}{}% 8
\BOOKMARK [1][-]{section.1.1}{1.1 研究背景}{chapter.1}% 9
\BOOKMARK [1][-]{section.1.2}{1.2 研究内容}{chapter.1}% 10
\BOOKMARK [1][-]{section.1.3}{1.3 论文结构}{chapter.1}% 11
\BOOKMARK [0][-]{chapter.2}{2 语言模型与词向量表示}{}% 12
\BOOKMARK [1][-]{section.2.1}{2.1 统计语言模型}{chapter.2}% 13
\BOOKMARK [1][-]{section.2.2}{2.2 神经网络语言模型}{chapter.2}% 14
\BOOKMARK [1][-]{section.2.3}{2.3 分布式词向量表示}{chapter.2}% 15
\BOOKMARK [1][-]{section.2.4}{2.4 本章小结}{chapter.2}% 16
\BOOKMARK [0][-]{chapter.3}{3 学习主题的向量表示}{}% 17
\BOOKMARK [1][-]{section.3.1}{3.1 背景介绍}{chapter.3}% 18
\BOOKMARK [2][-]{subsection.3.1.1}{3.1.1 潜在狄利克雷分布}{section.3.1}% 19
\BOOKMARK [2][-]{subsection.3.1.2}{3.1.2 研究背景}{section.3.1}% 20
\BOOKMARK [1][-]{section.3.2}{3.2 学习主题向量表示}{chapter.3}% 21
\BOOKMARK [2][-]{subsection.3.2.1}{3.2.1 Topic2Vec模型}{section.3.2}% 22
\BOOKMARK [1][-]{section.3.3}{3.3 实验及分析}{chapter.3}% 23
\BOOKMARK [2][-]{subsection.3.3.1}{3.3.1 数据集}{section.3.3}% 24
\BOOKMARK [2][-]{subsection.3.3.2}{3.3.2 评价方法}{section.3.3}% 25
\BOOKMARK [2][-]{subsection.3.3.3}{3.3.3 实验结果分析}{section.3.3}% 26
\BOOKMARK [1][-]{section.3.4}{3.4 本章小结}{chapter.3}% 27
\BOOKMARK [0][-]{chapter.4}{4 联合学习词及其属性的向量表示}{}% 28
\BOOKMARK [1][-]{section.4.1}{4.1 背景介绍}{chapter.4}% 29
\BOOKMARK [1][-]{section.4.2}{4.2 框架与模型}{chapter.4}% 30
\BOOKMARK [2][-]{subsection.4.2.1}{4.2.1 联合学习词和属性向量表示的统一框架}{section.4.2}% 31
\BOOKMARK [2][-]{subsection.4.2.2}{4.2.2 TW模型：学习主题向量表示}{section.4.2}% 32
\BOOKMARK [2][-]{subsection.4.2.3}{4.2.3 DW模型：学习文档向量表示}{section.4.2}% 33
\BOOKMARK [2][-]{subsection.4.2.4}{4.2.4 提升词向量表示的模型}{section.4.2}% 34
\BOOKMARK [2][-]{subsection.4.2.5}{4.2.5 优化和学习过程}{section.4.2}% 35
\BOOKMARK [1][-]{section.4.3}{4.3 实验及分析}{chapter.4}% 36
\BOOKMARK [2][-]{subsection.4.3.1}{4.3.1 数据集}{section.4.3}% 37
\BOOKMARK [2][-]{subsection.4.3.2}{4.3.2 评估主题向量表示}{section.4.3}% 38
\BOOKMARK [2][-]{subsection.4.3.3}{4.3.3 评估文档向量表示}{section.4.3}% 39
\BOOKMARK [2][-]{subsection.4.3.4}{4.3.4 评估提升的词向量表示}{section.4.3}% 40
\BOOKMARK [1][-]{section.4.4}{4.4 本章小结}{chapter.4}% 41
\BOOKMARK [0][-]{chapter.5}{5 词向量加强的主题模型}{}% 42
\BOOKMARK [1][-]{section.5.1}{5.1 背景介绍}{chapter.5}% 43
\BOOKMARK [1][-]{section.5.2}{5.2 词向量聚类先验潜在狄利克雷分布}{chapter.5}% 44
\BOOKMARK [2][-]{subsection.5.2.1}{5.2.1 狄利克雷先验分布}{section.5.2}% 45
\BOOKMARK [2][-]{subsection.5.2.2}{5.2.2 词向量聚类先验潜在狄利克雷分布}{section.5.2}% 46
\BOOKMARK [1][-]{section.5.3}{5.3 词向量聚类先验实验与分析}{chapter.5}% 47
\BOOKMARK [2][-]{subsection.5.3.1}{5.3.1 数据集与实验设置}{section.5.3}% 48
\BOOKMARK [2][-]{subsection.5.3.2}{5.3.2 主题词评估}{section.5.3}% 49
\BOOKMARK [2][-]{subsection.5.3.3}{5.3.3 主题一致性评估}{section.5.3}% 50
\BOOKMARK [2][-]{subsection.5.3.4}{5.3.4 实验与分析}{section.5.3}% 51
\BOOKMARK [1][-]{section.5.4}{5.4 词向量加强的潜在狄利克雷分布}{chapter.5}% 52
\BOOKMARK [2][-]{subsection.5.4.1}{5.4.1 上下文感知的潜在狄利克雷分布}{section.5.4}% 53
\BOOKMARK [2][-]{subsection.5.4.2}{5.4.2 词向量加强的潜在狄利克雷分布}{section.5.4}% 54
\BOOKMARK [1][-]{section.5.5}{5.5 本章小结}{chapter.5}% 55
\BOOKMARK [0][-]{chapter.6}{6 总结与展望}{}% 56
\BOOKMARK [0][-]{chapter*.24}{致 谢}{}% 57
\BOOKMARK [0][-]{chapter*.25}{参考文献}{}% 58
\BOOKMARK [0][-]{chapter*.26}{简历与科研成果}{}% 59
\BOOKMARK [0][-]{chapter*.27}{学位论文出版授权书}{}% 60
